<?xml version="1.0" encoding="UTF-8"?>
<coverage generated="1561729611679" clover="3.2.0">
  <project timestamp="1561729611679" name="All files">
    <metrics statements="30" coveredstatements="30" conditionals="6" coveredconditionals="5" methods="11" coveredmethods="11" elements="47" coveredelements="46" complexity="0" loc="30" ncloc="30" packages="1" files="1" classes="1"/>
    <file name="index.js" path="/home/vladislav/education/hexlet/projects/frontend-project-lvl2/src/index.js">
      <metrics statements="30" coveredstatements="30" conditionals="6" coveredconditionals="5" methods="11" coveredmethods="11"/>
      <line num="5" count="1" type="stmt"/>
      <line num="6" count="2" type="cond" truecount="1" falsecount="1"/>
      <line num="9" count="2" type="stmt"/>
      <line num="17" count="2" type="stmt"/>
      <line num="19" count="1" type="stmt"/>
      <line num="20" count="1" type="stmt"/>
      <line num="21" count="1" type="stmt"/>
      <line num="22" count="1" type="stmt"/>
      <line num="24" count="1" type="stmt"/>
      <line num="25" count="2" type="cond" truecount="2" falsecount="0"/>
      <line num="28" count="2" type="stmt"/>
      <line num="31" count="1" type="stmt"/>
      <line num="35" count="2" type="stmt"/>
      <line num="40" count="2" type="stmt"/>
      <line num="45" count="1" type="stmt"/>
      <line num="49" count="1" type="stmt"/>
      <line num="50" count="9" type="cond" truecount="2" falsecount="0"/>
      <line num="52" count="5" type="stmt"/>
      <line num="55" count="1" type="stmt"/>
      <line num="56" count="5" type="stmt"/>
      <line num="57" count="5" type="stmt"/>
      <line num="60" count="1" type="stmt"/>
      <line num="61" count="1" type="stmt"/>
      <line num="64" count="1" type="stmt"/>
      <line num="65" count="1" type="stmt"/>
      <line num="66" count="1" type="stmt"/>
      <line num="68" count="1" type="stmt"/>
      <line num="69" count="1" type="stmt"/>
      <line num="71" count="1" type="stmt"/>
      <line num="72" count="1" type="stmt"/>
    </file>
  </project>
</coverage>
