{"/home/vladislav/education/hexlet/projects/frontend-project-lvl2/src/index.js": {"path":"/home/vladislav/education/hexlet/projects/frontend-project-lvl2/src/index.js","statementMap":{"0":{"start":{"line":5,"column":25},"end":{"line":10,"column":1}},"1":{"start":{"line":6,"column":24},"end":{"line":8,"column":38}},"2":{"start":{"line":9,"column":2},"end":{"line":9,"column":23}},"3":{"start":{"line":17,"column":19},"end":{"line":17,"column":75}},"4":{"start":{"line":17,"column":36},"end":{"line":17,"column":75}},"5":{"start":{"line":19,"column":23},"end":{"line":62,"column":1}},"6":{"start":{"line":20,"column":23},"end":{"line":20,"column":44}},"7":{"start":{"line":21,"column":24},"end":{"line":21,"column":46}},"8":{"start":{"line":22,"column":15},"end":{"line":22,"column":51}},"9":{"start":{"line":24,"column":21},"end":{"line":29,"column":3}},"10":{"start":{"line":25,"column":20},"end":{"line":27,"column":39}},"11":{"start":{"line":28,"column":4},"end":{"line":28,"column":19}},"12":{"start":{"line":31,"column":21},"end":{"line":47,"column":3}},"13":{"start":{"line":35,"column":24},"end":{"line":35,"column":39}},"14":{"start":{"line":40,"column":24},"end":{"line":40,"column":54}},"15":{"start":{"line":45,"column":24},"end":{"line":45,"column":55}},"16":{"start":{"line":49,"column":23},"end":{"line":53,"column":3}},"17":{"start":{"line":50,"column":28},"end":{"line":51,"column":42}},"18":{"start":{"line":50,"column":57},"end":{"line":51,"column":42}},"19":{"start":{"line":52,"column":4},"end":{"line":52,"column":44}},"20":{"start":{"line":55,"column":15},"end":{"line":58,"column":3}},"21":{"start":{"line":56,"column":23},"end":{"line":56,"column":59}},"22":{"start":{"line":57,"column":4},"end":{"line":57,"column":32}},"23":{"start":{"line":60,"column":28},"end":{"line":60,"column":49}},"24":{"start":{"line":61,"column":2},"end":{"line":61,"column":49}},"25":{"start":{"line":64,"column":17},"end":{"line":73,"column":1}},"26":{"start":{"line":65,"column":25},"end":{"line":65,"column":54}},"27":{"start":{"line":66,"column":25},"end":{"line":66,"column":54}},"28":{"start":{"line":68,"column":23},"end":{"line":68,"column":61}},"29":{"start":{"line":69,"column":23},"end":{"line":69,"column":61}},"30":{"start":{"line":71,"column":15},"end":{"line":71,"column":57}},"31":{"start":{"line":72,"column":2},"end":{"line":72,"column":14}}},"fnMap":{"0":{"name":"(anonymous_0)","decl":{"start":{"line":5,"column":25},"end":{"line":5,"column":26}},"loc":{"start":{"line":5,"column":41},"end":{"line":10,"column":1}},"line":5},"1":{"name":"(anonymous_1)","decl":{"start":{"line":17,"column":19},"end":{"line":17,"column":20}},"loc":{"start":{"line":17,"column":36},"end":{"line":17,"column":75}},"line":17},"2":{"name":"(anonymous_2)","decl":{"start":{"line":19,"column":23},"end":{"line":19,"column":24}},"loc":{"start":{"line":19,"column":48},"end":{"line":62,"column":1}},"line":19},"3":{"name":"(anonymous_3)","decl":{"start":{"line":24,"column":21},"end":{"line":24,"column":22}},"loc":{"start":{"line":24,"column":30},"end":{"line":29,"column":3}},"line":24},"4":{"name":"(anonymous_4)","decl":{"start":{"line":35,"column":17},"end":{"line":35,"column":18}},"loc":{"start":{"line":35,"column":24},"end":{"line":35,"column":39}},"line":35},"5":{"name":"(anonymous_5)","decl":{"start":{"line":40,"column":17},"end":{"line":40,"column":18}},"loc":{"start":{"line":40,"column":24},"end":{"line":40,"column":54}},"line":40},"6":{"name":"(anonymous_6)","decl":{"start":{"line":45,"column":17},"end":{"line":45,"column":18}},"loc":{"start":{"line":45,"column":24},"end":{"line":45,"column":55}},"line":45},"7":{"name":"(anonymous_7)","decl":{"start":{"line":49,"column":23},"end":{"line":49,"column":24}},"loc":{"start":{"line":49,"column":32},"end":{"line":53,"column":3}},"line":49},"8":{"name":"(anonymous_8)","decl":{"start":{"line":50,"column":28},"end":{"line":50,"column":29}},"loc":{"start":{"line":50,"column":57},"end":{"line":51,"column":42}},"line":50},"9":{"name":"(anonymous_9)","decl":{"start":{"line":55,"column":15},"end":{"line":55,"column":16}},"loc":{"start":{"line":55,"column":31},"end":{"line":58,"column":3}},"line":55},"10":{"name":"(anonymous_10)","decl":{"start":{"line":64,"column":17},"end":{"line":64,"column":18}},"loc":{"start":{"line":64,"column":47},"end":{"line":73,"column":1}},"line":64}},"branchMap":{"0":{"loc":{"start":{"line":6,"column":24},"end":{"line":8,"column":38}},"type":"cond-expr","locations":[{"start":{"line":7,"column":6},"end":{"line":7,"column":16}},{"start":{"line":8,"column":6},"end":{"line":8,"column":38}}],"line":6},"1":{"loc":{"start":{"line":25,"column":20},"end":{"line":27,"column":39}},"type":"cond-expr","locations":[{"start":{"line":26,"column":8},"end":{"line":26,"column":69}},{"start":{"line":27,"column":8},"end":{"line":27,"column":39}}],"line":25},"2":{"loc":{"start":{"line":50,"column":57},"end":{"line":51,"column":42}},"type":"binary-expr","locations":[{"start":{"line":50,"column":57},"end":{"line":50,"column":90}},{"start":{"line":51,"column":7},"end":{"line":51,"column":42}}],"line":50}},"s":{"0":1,"1":2,"2":2,"3":1,"4":2,"5":1,"6":1,"7":1,"8":1,"9":1,"10":2,"11":2,"12":1,"13":2,"14":2,"15":1,"16":1,"17":5,"18":9,"19":5,"20":1,"21":5,"22":5,"23":1,"24":1,"25":1,"26":1,"27":1,"28":1,"29":1,"30":1,"31":1},"f":{"0":2,"1":2,"2":1,"3":2,"4":2,"5":2,"6":1,"7":5,"8":9,"9":5,"10":1},"b":{"0":[0,2],"1":[1,1],"2":[9,7]},"_coverageSchema":"43e27e138ebf9cfc5966b082cf9a028302ed4184","hash":"cc82e08b77bc9902fa4d5e8f4334d4a9b58e04d8"}
}
