TN:
SF:/home/vladislav/education/hexlet/projects/frontend-project-lvl2/src/index.js
FN:5,(anonymous_0)
FN:17,(anonymous_1)
FN:19,(anonymous_2)
FN:24,(anonymous_3)
FN:35,(anonymous_4)
FN:40,(anonymous_5)
FN:45,(anonymous_6)
FN:49,(anonymous_7)
FN:50,(anonymous_8)
FN:55,(anonymous_9)
FN:64,(anonymous_10)
FNF:11
FNH:11
FNDA:2,(anonymous_0)
FNDA:2,(anonymous_1)
FNDA:1,(anonymous_2)
FNDA:2,(anonymous_3)
FNDA:2,(anonymous_4)
FNDA:2,(anonymous_5)
FNDA:1,(anonymous_6)
FNDA:5,(anonymous_7)
FNDA:9,(anonymous_8)
FNDA:5,(anonymous_9)
FNDA:1,(anonymous_10)
DA:5,1
DA:6,2
DA:9,2
DA:17,2
DA:19,1
DA:20,1
DA:21,1
DA:22,1
DA:24,1
DA:25,2
DA:28,2
DA:31,1
DA:35,2
DA:40,2
DA:45,1
DA:49,1
DA:50,9
DA:52,5
DA:55,1
DA:56,5
DA:57,5
DA:60,1
DA:61,1
DA:64,1
DA:65,1
DA:66,1
DA:68,1
DA:69,1
DA:71,1
DA:72,1
LF:30
LH:30
BRDA:6,0,0,0
BRDA:6,0,1,2
BRDA:25,1,0,1
BRDA:25,1,1,1
BRDA:50,2,0,9
BRDA:50,2,1,7
BRF:6
BRH:5
end_of_record
